<?xml version="1.0" encoding="UTF-8"?>
<!-- Generated by org.testng.reporters.JUnitXMLReporter -->
<testsuite ignored="1" hostname="Active34" failures="0" tests="1" name="Default test" time="25.857" errors="0" timestamp="2025-11-26T14:49:42 IST">
  <testcase classname="AdminTestcaseExecution.usermanagementExecutionclass" name="usermanagementcreateandupdateopsentityflow" time="23.375"/>
  <testcase classname="AdminTestcaseExecution.usermanagementExecutionclass" name="usermanagementlistflow" time="0.0">
    <ignored/>
  </testcase> <!-- usermanagementlistflow -->
</testsuite> <!-- Default test -->
