<?xml version="1.0" encoding="UTF-8"?>
<!-- Generated by org.testng.reporters.JUnitXMLReporter -->
<testsuite ignored="2" hostname="DESKTOP-CVGL8I0" failures="0" tests="1" name="Default test" time="20.502" errors="0" timestamp="2025-11-26T22:11:02 IST">
  <testcase classname="AdminTestcaseExecution.usermanagementExecutionclass" name="createandupdatekpoentityflow" time="13.171"/>
  <testcase classname="AdminTestcaseExecution.usermanagementExecutionclass" name="usermanagementlistflow" time="0.0">
    <ignored/>
  </testcase> <!-- usermanagementlistflow -->
  <testcase classname="AdminTestcaseExecution.usermanagementExecutionclass" name="createandupdateopsentityflow" time="0.0">
    <ignored/>
  </testcase> <!-- createandupdateopsentityflow -->
</testsuite> <!-- Default test -->
