<?xml version="1.0" encoding="UTF-8"?>
<testng-results ignored="0" total="1" passed="1" failed="0" skipped="0">
  <reporter-output>
  </reporter-output>
  <suite started-at="2025-12-16T20:32:11 IST" name="Default suite" finished-at="2025-12-16T20:33:13 IST" duration-ms="61771">
    <groups>
    </groups>
    <test started-at="2025-12-16T20:32:11 IST" name="Default test" finished-at="2025-12-16T20:33:13 IST" duration-ms="61771">
      <class name="AdminTestcaseExecution.MasterdataExecutionclass">
        <test-method is-config="true" signature="setup()[pri:0, instance:AdminTestcaseExecution.MasterdataExecutionclass@22fcf7ab]" started-at="2025-12-16T20:32:11 IST" name="setup" finished-at="2025-12-16T20:32:16 IST" duration-ms="4887" status="PASS">
          <reporter-output>
          </reporter-output>
        </test-method> <!-- setup -->
        <test-method signature="masterdataexecution()[pri:0, instance:AdminTestcaseExecution.MasterdataExecutionclass@22fcf7ab]" started-at="2025-12-16T20:32:16 IST" name="masterdataexecution" finished-at="2025-12-16T20:33:12 IST" duration-ms="56444" status="PASS">
          <reporter-output>
          </reporter-output>
        </test-method> <!-- masterdataexecution -->
        <test-method is-config="true" signature="tear(org.testng.ITestResult)[pri:0, instance:AdminTestcaseExecution.MasterdataExecutionclass@22fcf7ab]" started-at="2025-12-16T20:33:12 IST" name="tear" finished-at="2025-12-16T20:33:13 IST" duration-ms="318" status="PASS">
          <params>
            <param index="0">
              <value>
                <![CDATA[[TestResult name=masterdataexecution status=SUCCESS method=MasterdataExecutionclass.masterdataexecution()[pri:0, instance:AdminTestcaseExecution.MasterdataExecutionclass@22fcf7ab] output={null}]]]>
              </value>
            </param>
          </params>
          <reporter-output>
          </reporter-output>
        </test-method> <!-- tear -->
      </class> <!-- AdminTestcaseExecution.MasterdataExecutionclass -->
    </test> <!-- Default test -->
  </suite> <!-- Default suite -->
</testng-results>
