<?xml version="1.0" encoding="UTF-8"?>
<testng-results ignored="0" total="1" passed="1" failed="0" skipped="0">
  <reporter-output>
  </reporter-output>
  <suite started-at="2025-11-26T14:49:17 IST" name="Default suite" finished-at="2025-11-26T14:49:42 IST" duration-ms="25857">
    <groups>
    </groups>
    <test started-at="2025-11-26T14:49:17 IST" name="Default test" finished-at="2025-11-26T14:49:42 IST" duration-ms="25857">
      <class name="AdminTestcaseExecution.usermanagementExecutionclass">
        <test-method is-config="true" signature="setup()[pri:0, instance:AdminTestcaseExecution.usermanagementExecutionclass@3bb9a3ff]" started-at="2025-11-26T14:49:17 IST" name="setup" finished-at="2025-11-26T14:49:19 IST" duration-ms="2342" status="PASS">
          <reporter-output>
          </reporter-output>
        </test-method> <!-- setup -->
        <test-method signature="usermanagementcreateandupdateopsentityflow()[pri:1, instance:AdminTestcaseExecution.usermanagementExecutionclass@3bb9a3ff]" started-at="2025-11-26T14:49:19 IST" name="usermanagementcreateandupdateopsentityflow" finished-at="2025-11-26T14:49:42 IST" duration-ms="23375" status="PASS">
          <reporter-output>
          </reporter-output>
        </test-method> <!-- usermanagementcreateandupdateopsentityflow -->
        <test-method is-config="true" signature="tear(org.testng.ITestResult)[pri:0, instance:AdminTestcaseExecution.usermanagementExecutionclass@3bb9a3ff]" started-at="2025-11-26T14:49:42 IST" name="tear" finished-at="2025-11-26T14:49:42 IST" duration-ms="92" status="PASS">
          <params>
            <param index="0">
              <value>
                <![CDATA[[TestResult name=usermanagementcreateandupdateopsentityflow status=SUCCESS method=usermanagementExecutionclass.usermanagementcreateandupdateopsentityflow()[pri:1, instance:AdminTestcaseExecution.usermanagementExecutionclass@3bb9a3ff] output={null}]]]>
              </value>
            </param>
          </params>
          <reporter-output>
          </reporter-output>
        </test-method> <!-- tear -->
      </class> <!-- AdminTestcaseExecution.usermanagementExecutionclass -->
    </test> <!-- Default test -->
  </suite> <!-- Default suite -->
</testng-results>
