<?xml version="1.0" encoding="UTF-8"?>
<testng-results ignored="0" total="2" passed="2" failed="0" skipped="0">
  <reporter-output>
  </reporter-output>
  <suite started-at="2025-11-12T14:16:56 IST" name="Suite" finished-at="2025-11-12T14:17:08 IST" duration-ms="12818">
    <groups>
    </groups>
    <test started-at="2025-11-12T14:16:56 IST" name="Test" finished-at="2025-11-12T14:17:08 IST" duration-ms="12818">
      <class name="AdminTestcaseExecution.AdminsigninExecutionclass">
        <test-method is-config="true" signature="setup()[pri:0, instance:AdminTestcaseExecution.AdminsigninExecutionclass@44ebcd03]" started-at="2025-11-12T14:16:56 IST" name="setup" finished-at="2025-11-12T14:16:58 IST" duration-ms="1900" status="PASS">
          <reporter-output>
          </reporter-output>
        </test-method> <!-- setup -->
        <test-method signature="adminsigninflow()[pri:0, instance:AdminTestcaseExecution.AdminsigninExecutionclass@44ebcd03]" started-at="2025-11-12T14:16:58 IST" name="adminsigninflow" finished-at="2025-11-12T14:17:02 IST" duration-ms="4645" status="PASS">
          <reporter-output>
          </reporter-output>
        </test-method> <!-- adminsigninflow -->
        <test-method is-config="true" signature="tear(org.testng.ITestResult)[pri:0, instance:AdminTestcaseExecution.AdminsigninExecutionclass@44ebcd03]" started-at="2025-11-12T14:17:02 IST" name="tear" finished-at="2025-11-12T14:17:02 IST" duration-ms="91" status="PASS">
          <params>
            <param index="0">
              <value>
                <![CDATA[[TestResult name=adminsigninflow status=SUCCESS method=AdminsigninExecutionclass.adminsigninflow()[pri:0, instance:AdminTestcaseExecution.AdminsigninExecutionclass@44ebcd03] output={null}]]]>
              </value>
            </param>
          </params>
          <reporter-output>
          </reporter-output>
        </test-method> <!-- tear -->
        <test-method is-config="true" signature="setup()[pri:0, instance:AdminTestcaseExecution.AdminsigninExecutionclass@44ebcd03]" started-at="2025-11-12T14:17:02 IST" name="setup" finished-at="2025-11-12T14:17:04 IST" duration-ms="1437" status="PASS">
          <reporter-output>
          </reporter-output>
        </test-method> <!-- setup -->
        <test-method signature="adminsigninflow()[pri:0, instance:AdminTestcaseExecution.AdminsigninExecutionclass@44ebcd03]" started-at="2025-11-12T14:17:04 IST" name="adminsigninflow" finished-at="2025-11-12T14:17:08 IST" duration-ms="4617" status="PASS">
          <reporter-output>
          </reporter-output>
        </test-method> <!-- adminsigninflow -->
        <test-method is-config="true" signature="tear(org.testng.ITestResult)[pri:0, instance:AdminTestcaseExecution.AdminsigninExecutionclass@44ebcd03]" started-at="2025-11-12T14:17:08 IST" name="tear" finished-at="2025-11-12T14:17:08 IST" duration-ms="78" status="PASS">
          <params>
            <param index="0">
              <value>
                <![CDATA[[TestResult name=adminsigninflow status=SUCCESS method=AdminsigninExecutionclass.adminsigninflow()[pri:0, instance:AdminTestcaseExecution.AdminsigninExecutionclass@44ebcd03] output={null}]]]>
              </value>
            </param>
          </params>
          <reporter-output>
          </reporter-output>
        </test-method> <!-- tear -->
      </class> <!-- AdminTestcaseExecution.AdminsigninExecutionclass -->
    </test> <!-- Test -->
  </suite> <!-- Suite -->
</testng-results>
