<?xml version="1.0" encoding="UTF-8"?>
<testng-results ignored="0" total="1" passed="1" failed="0" skipped="0">
  <reporter-output>
  </reporter-output>
  <suite started-at="2025-11-26T22:10:42 IST" name="Default suite" finished-at="2025-11-26T22:11:02 IST" duration-ms="20502">
    <groups>
    </groups>
    <test started-at="2025-11-26T22:10:42 IST" name="Default test" finished-at="2025-11-26T22:11:02 IST" duration-ms="20502">
      <class name="AdminTestcaseExecution.usermanagementExecutionclass">
        <test-method is-config="true" signature="setup()[pri:0, instance:AdminTestcaseExecution.usermanagementExecutionclass@63475ace]" started-at="2025-11-26T22:10:42 IST" name="setup" finished-at="2025-11-26T22:10:47 IST" duration-ms="5380" status="PASS">
          <reporter-output>
          </reporter-output>
        </test-method> <!-- setup -->
        <test-method signature="createandupdatekpoentityflow()[pri:1, instance:AdminTestcaseExecution.usermanagementExecutionclass@63475ace]" started-at="2025-11-26T22:10:47 IST" name="createandupdatekpoentityflow" finished-at="2025-11-26T22:11:01 IST" duration-ms="13171" status="PASS">
          <reporter-output>
          </reporter-output>
        </test-method> <!-- createandupdatekpoentityflow -->
        <test-method is-config="true" signature="tear(org.testng.ITestResult)[pri:0, instance:AdminTestcaseExecution.usermanagementExecutionclass@63475ace]" started-at="2025-11-26T22:11:01 IST" name="tear" finished-at="2025-11-26T22:11:02 IST" duration-ms="1876" status="PASS">
          <params>
            <param index="0">
              <value>
                <![CDATA[[TestResult name=createandupdatekpoentityflow status=SUCCESS method=usermanagementExecutionclass.createandupdatekpoentityflow()[pri:1, instance:AdminTestcaseExecution.usermanagementExecutionclass@63475ace] output={null}]]]>
              </value>
            </param>
          </params>
          <reporter-output>
          </reporter-output>
        </test-method> <!-- tear -->
      </class> <!-- AdminTestcaseExecution.usermanagementExecutionclass -->
    </test> <!-- Default test -->
  </suite> <!-- Default suite -->
</testng-results>
