<?xml version="1.0" encoding="UTF-8"?>
<!-- Generated by org.testng.reporters.JUnitReportReporter -->
<testsuite hostname="Active34" failures="0" tests="2" name="AdminTestcaseExecution.AdminsigninExecutionclass" time="12.768" errors="0" timestamp="2025-11-12T14:17:09 IST" skipped="0">
  <testcase classname="AdminTestcaseExecution.AdminsigninExecutionclass" name="adminsigninflow" time="6.173"/>
  <testcase classname="AdminTestcaseExecution.AdminsigninExecutionclass" name="adminsigninflow" time="6.595"/>
</testsuite> <!-- AdminTestcaseExecution.AdminsigninExecutionclass -->
