<?xml version="1.0" encoding="UTF-8"?>
<!-- Generated by org.testng.reporters.JUnitReportReporter -->
<testsuite hostname="DESKTOP-CVGL8I0" failures="0" tests="3" name="AdminTestcaseExecution.usermanagementExecutionclass" time="20.427" errors="0" timestamp="2025-11-26T22:11:03 IST" skipped="2">
  <testcase classname="AdminTestcaseExecution.usermanagementExecutionclass" name="createandupdatekpoentityflow" time="20.427"/>
  <testcase classname="AdminTestcaseExecution.usermanagementExecutionclass" name="usermanagementlistflow">
    <skipped/>
  </testcase> <!-- usermanagementlistflow -->
  <testcase classname="AdminTestcaseExecution.usermanagementExecutionclass" name="createandupdateopsentityflow">
    <skipped/>
  </testcase> <!-- createandupdateopsentityflow -->
</testsuite> <!-- AdminTestcaseExecution.usermanagementExecutionclass -->
