<?xml version="1.0" encoding="UTF-8"?>
<!-- Generated by org.testng.reporters.JUnitReportReporter -->
<testsuite hostname="DESKTOP-CVGL8I0" failures="0" tests="5" name="AdminTestcaseExecution.usermanagementExecutionclass" time="13.664" errors="0" timestamp="2025-11-30T17:49:32 IST" skipped="4">
  <testcase classname="AdminTestcaseExecution.usermanagementExecutionclass" name="createandupdatekpoadminflow" time="13.664"/>
  <testcase classname="AdminTestcaseExecution.usermanagementExecutionclass" name="createandupdateopsentityflow">
    <skipped/>
  </testcase> <!-- createandupdateopsentityflow -->
  <testcase classname="AdminTestcaseExecution.usermanagementExecutionclass" name="createandupdatekpoentityflow">
    <skipped/>
  </testcase> <!-- createandupdatekpoentityflow -->
  <testcase classname="AdminTestcaseExecution.usermanagementExecutionclass" name="usermanagementlistflow">
    <skipped/>
  </testcase> <!-- usermanagementlistflow -->
  <testcase classname="AdminTestcaseExecution.usermanagementExecutionclass" name="createandupdateopsadminflow">
    <skipped/>
  </testcase> <!-- createandupdateopsadminflow -->
</testsuite> <!-- AdminTestcaseExecution.usermanagementExecutionclass -->
